practica1/Library/Bee/Android/Prj/IL2CPP/Gradle/launcher/build/intermediates/manifest_merge_blame_file/release/manifest-merger-blame-release-report.txt
1<?xml version="1.0" encoding="utf-8"?>
2<manifest xmlns:android="http://schemas.android.com/apk/res/android"
3    package="com.unamtemas.practica2"
4    android:installLocation="preferExternal"
5    android:versionCode="1"
6    android:versionName="0.1" >
7
8    <uses-sdk
9        android:minSdkVersion="30"
9-->src\main\AndroidManifest.xml
10        android:targetSdkVersion="31" />
10-->src\main\AndroidManifest.xml
11
12    <supports-screens
12-->src\main\AndroidManifest.xml:3:3-163
13        android:anyDensity="true"
13-->src\main\AndroidManifest.xml:3:135-160
14        android:largeScreens="true"
14-->src\main\AndroidManifest.xml:3:78-105
15        android:normalScreens="true"
15-->src\main\AndroidManifest.xml:3:49-77
16        android:smallScreens="true"
16-->src\main\AndroidManifest.xml:3:21-48
17        android:xlargeScreens="true" />
17-->src\main\AndroidManifest.xml:3:106-134
18
19    <uses-feature
19-->[:unityLibrary] AndroidManifest.xml:12:5-54
20        android:glEsVersion="0x00030000"
20-->[:unityLibrary] AndroidManifest.xml:12:19-51
21        android:required="true" />
21-->[:GfxPluginCardboard:] AndroidManifest.xml:15:9-32
22
23    <uses-permission android:name="android.permission.INTERNET" />
23-->[:unityLibrary] AndroidManifest.xml:14:5-67
23-->[:unityLibrary] AndroidManifest.xml:14:22-64
24
25    <uses-feature
25-->[:unityLibrary] AndroidManifest.xml:16:5-18:36
26        android:name="android.hardware.touchscreen"
26-->[:unityLibrary] AndroidManifest.xml:17:9-52
27        android:required="false" />
27-->[:unityLibrary] AndroidManifest.xml:18:9-33
28    <uses-feature
28-->[:unityLibrary] AndroidManifest.xml:19:5-21:36
29        android:name="android.hardware.touchscreen.multitouch"
29-->[:unityLibrary] AndroidManifest.xml:20:9-63
30        android:required="false" />
30-->[:unityLibrary] AndroidManifest.xml:21:9-33
31    <uses-feature
31-->[:unityLibrary] AndroidManifest.xml:22:5-24:36
32        android:name="android.hardware.touchscreen.multitouch.distinct"
32-->[:unityLibrary] AndroidManifest.xml:23:9-72
33        android:required="false" />
33-->[:unityLibrary] AndroidManifest.xml:24:9-33
34
35    <uses-permission android:name="android.permission.CAMERA" />
35-->[:GfxPluginCardboard:] AndroidManifest.xml:17:5-65
35-->[:GfxPluginCardboard:] AndroidManifest.xml:17:22-62
36    <uses-permission android:name="android.permission.WRITE_EXTERNAL_STORAGE" />
36-->[:GfxPluginCardboard:] AndroidManifest.xml:18:5-81
36-->[:GfxPluginCardboard:] AndroidManifest.xml:18:22-78
37    <uses-permission android:name="android.permission.NFC" />
37-->[:GfxPluginCardboard:] AndroidManifest.xml:20:5-62
37-->[:GfxPluginCardboard:] AndroidManifest.xml:20:22-59
38
39    <application
39-->src\main\AndroidManifest.xml:4:3-83
40        android:appComponentFactory="androidx.core.app.CoreComponentFactory"
40-->[androidx.core:core:1.7.0] AndroidManifest.xml:24:18-86
41        android:extractNativeLibs="true"
41-->[:unityLibrary] AndroidManifest.xml:26:18-50
42        android:icon="@mipmap/app_icon"
42-->src\main\AndroidManifest.xml:4:49-80
43        android:label="@string/app_name" >
43-->src\main\AndroidManifest.xml:4:16-48
44        <activity
44-->[:unityLibrary] AndroidManifest.xml:27:9-48:20
45            android:name="com.unity3d.player.UnityPlayerActivity"
45-->[:unityLibrary] AndroidManifest.xml:28:13-66
46            android:configChanges="mcc|mnc|locale|touchscreen|keyboard|keyboardHidden|navigation|orientation|screenLayout|uiMode|screenSize|smallestScreenSize|fontScale|layoutDirection|density"
46-->[:unityLibrary] AndroidManifest.xml:29:13-194
47            android:exported="true"
47-->[:unityLibrary] AndroidManifest.xml:30:13-36
48            android:hardwareAccelerated="false"
48-->[:unityLibrary] AndroidManifest.xml:31:13-48
49            android:launchMode="singleTask"
49-->[:unityLibrary] AndroidManifest.xml:32:13-44
50            android:resizeableActivity="false"
50-->[:unityLibrary] AndroidManifest.xml:33:13-47
51            android:screenOrientation="reverseLandscape"
51-->[:unityLibrary] AndroidManifest.xml:34:13-57
52            android:theme="@style/UnityThemeSelector" >
52-->[:unityLibrary] AndroidManifest.xml:35:13-54
53            <intent-filter>
53-->[:unityLibrary] AndroidManifest.xml:36:13-40:29
54                <action android:name="android.intent.action.MAIN" />
54-->[:unityLibrary] AndroidManifest.xml:37:17-69
54-->[:unityLibrary] AndroidManifest.xml:37:25-66
55
56                <category android:name="android.intent.category.LAUNCHER" />
56-->[:unityLibrary] AndroidManifest.xml:39:17-77
56-->[:unityLibrary] AndroidManifest.xml:39:27-74
57            </intent-filter>
58
59            <meta-data
59-->[:unityLibrary] AndroidManifest.xml:42:13-44:40
60                android:name="unityplayer.UnityActivity"
60-->[:unityLibrary] AndroidManifest.xml:43:17-57
61                android:value="true" />
61-->[:unityLibrary] AndroidManifest.xml:44:17-37
62            <meta-data
62-->[:unityLibrary] AndroidManifest.xml:45:13-47:40
63                android:name="android.notch_support"
63-->[:unityLibrary] AndroidManifest.xml:46:17-53
64                android:value="true" />
64-->[:unityLibrary] AndroidManifest.xml:47:17-37
65        </activity>
66
67        <meta-data
67-->[:unityLibrary] AndroidManifest.xml:50:9-52:33
68            android:name="unity.splash-mode"
68-->[:unityLibrary] AndroidManifest.xml:51:13-45
69            android:value="0" />
69-->[:unityLibrary] AndroidManifest.xml:52:13-30
70        <meta-data
70-->[:unityLibrary] AndroidManifest.xml:53:9-55:36
71            android:name="unity.splash-enable"
71-->[:unityLibrary] AndroidManifest.xml:54:13-47
72            android:value="True" />
72-->[:unityLibrary] AndroidManifest.xml:55:13-33
73        <meta-data
73-->[:unityLibrary] AndroidManifest.xml:56:9-58:36
74            android:name="unity.launch-fullscreen"
74-->[:unityLibrary] AndroidManifest.xml:57:13-51
75            android:value="True" />
75-->[:unityLibrary] AndroidManifest.xml:58:13-33
76        <meta-data
76-->[:unityLibrary] AndroidManifest.xml:59:9-61:37
77            android:name="unity.allow-resizable-window"
77-->[:unityLibrary] AndroidManifest.xml:60:13-56
78            android:value="False" />
78-->[:unityLibrary] AndroidManifest.xml:61:13-34
79        <meta-data
79-->[:unityLibrary] AndroidManifest.xml:62:9-64:50
80            android:name="notch.config"
80-->[:unityLibrary] AndroidManifest.xml:63:13-40
81            android:value="portrait|landscape" />
81-->[:unityLibrary] AndroidManifest.xml:64:13-47
82
83        <activity
83-->[:GfxPluginCardboard:] AndroidManifest.xml:23:9-27:66
84            android:name="com.google.cardboard.sdk.QrCodeCaptureActivity"
84-->[:GfxPluginCardboard:] AndroidManifest.xml:24:13-74
85            android:exported="false"
85-->[:GfxPluginCardboard:] AndroidManifest.xml:25:13-37
86            android:label="@string/title_activity_qr_code_capture"
86-->[:GfxPluginCardboard:] AndroidManifest.xml:26:13-67
87            android:theme="@style/Theme.AppCompat.NoActionBar" />
87-->[:GfxPluginCardboard:] AndroidManifest.xml:27:13-63
88        <!--
89          Activity whose sole purpose is to update Cardboard device params when a Cardboard V1
90          NFC tag is detected.
91        -->
92        <activity
92-->[:GfxPluginCardboard:] AndroidManifest.xml:33:9-46:20
93            android:name="com.google.cardboard.sdk.HeadsetDetectionActivity"
93-->[:GfxPluginCardboard:] AndroidManifest.xml:34:13-77
94            android:exported="true"
94-->[:GfxPluginCardboard:] AndroidManifest.xml:35:13-36
95            android:label="@string/headset_detection_activity_title" >
95-->[:GfxPluginCardboard:] AndroidManifest.xml:36:13-69
96
97            <!-- Handles the Cardboard V1 NFC tag released at Google I/O 2014. -->
98            <intent-filter>
98-->[:GfxPluginCardboard:] AndroidManifest.xml:39:13-45:29
99                <action android:name="android.nfc.action.NDEF_DISCOVERED" />
99-->[:GfxPluginCardboard:] AndroidManifest.xml:40:17-77
99-->[:GfxPluginCardboard:] AndroidManifest.xml:40:25-74
100
101                <category android:name="android.intent.category.DEFAULT" />
101-->[:GfxPluginCardboard:] AndroidManifest.xml:42:17-76
101-->[:GfxPluginCardboard:] AndroidManifest.xml:42:27-73
102
103                <data android:scheme="cardboard" />
103-->[:GfxPluginCardboard:] AndroidManifest.xml:44:17-52
103-->[:GfxPluginCardboard:] AndroidManifest.xml:44:23-49
104            </intent-filter>
105        </activity>
106        <activity
106-->[com.google.android.gms:play-services-base:17.4.0] AndroidManifest.xml:23:9-26:75
107            android:name="com.google.android.gms.common.api.GoogleApiActivity"
107-->[com.google.android.gms:play-services-base:17.4.0] AndroidManifest.xml:24:13-79
108            android:exported="false"
108-->[com.google.android.gms:play-services-base:17.4.0] AndroidManifest.xml:25:13-37
109            android:theme="@android:style/Theme.Translucent.NoTitleBar" />
109-->[com.google.android.gms:play-services-base:17.4.0] AndroidManifest.xml:26:13-72
110
111        <meta-data
111-->[com.google.android.gms:play-services-basement:17.4.0] AndroidManifest.xml:23:9-25:69
112            android:name="com.google.android.gms.version"
112-->[com.google.android.gms:play-services-basement:17.4.0] AndroidManifest.xml:24:13-58
113            android:value="@integer/google_play_services_version" />
113-->[com.google.android.gms:play-services-basement:17.4.0] AndroidManifest.xml:25:13-66
114
115        <provider
115-->[androidx.emoji2:emoji2:1.0.0] AndroidManifest.xml:26:9-34:20
116            android:name="androidx.startup.InitializationProvider"
116-->[androidx.emoji2:emoji2:1.0.0] AndroidManifest.xml:27:13-67
117            android:authorities="com.unamtemas.practica2.androidx-startup"
117-->[androidx.emoji2:emoji2:1.0.0] AndroidManifest.xml:28:13-68
118            android:exported="false" >
118-->[androidx.emoji2:emoji2:1.0.0] AndroidManifest.xml:29:13-37
119            <meta-data
119-->[androidx.emoji2:emoji2:1.0.0] AndroidManifest.xml:31:13-33:52
120                android:name="androidx.emoji2.text.EmojiCompatInitializer"
120-->[androidx.emoji2:emoji2:1.0.0] AndroidManifest.xml:32:17-75
121                android:value="androidx.startup" />
121-->[androidx.emoji2:emoji2:1.0.0] AndroidManifest.xml:33:17-49
122            <meta-data
122-->[androidx.lifecycle:lifecycle-process:2.4.0] AndroidManifest.xml:31:13-33:52
123                android:name="androidx.lifecycle.ProcessLifecycleInitializer"
123-->[androidx.lifecycle:lifecycle-process:2.4.0] AndroidManifest.xml:32:17-78
124                android:value="androidx.startup" />
124-->[androidx.lifecycle:lifecycle-process:2.4.0] AndroidManifest.xml:33:17-49
125        </provider>
126    </application>
127
128</manifest>